<?xml version="1.0" encoding="UTF-8"?>
<coverage generated="1619668246888" clover="3.2.0">
  <project timestamp="1619668246888" name="All files">
    <metrics statements="81" coveredstatements="80" conditionals="6" coveredconditionals="5" methods="23" coveredmethods="23" elements="110" coveredelements="108" complexity="0" loc="81" ncloc="81" packages="1" files="3" classes="3"/>
    <file name="getFiiInformation.js" path="/home/lucasmendes/Documents/Projetos/fii-web-scrapper/src/services/getFiiInformation.js">
      <metrics statements="52" coveredstatements="52" conditionals="2" coveredconditionals="2" methods="17" coveredmethods="17"/>
      <line num="2" count="1" type="stmt"/>
      <line num="4" count="1" type="stmt"/>
      <line num="5" count="2" type="stmt"/>
      <line num="6" count="2" type="stmt"/>
      <line num="17" count="2" type="stmt"/>
      <line num="18" count="18" type="stmt"/>
      <line num="20" count="2" type="stmt"/>
      <line num="21" count="2" type="stmt"/>
      <line num="22" count="16" type="stmt"/>
      <line num="24" count="2" type="stmt"/>
      <line num="27" count="1" type="stmt"/>
      <line num="28" count="2" type="stmt"/>
      <line num="29" count="2" type="stmt"/>
      <line num="30" count="2" type="stmt"/>
      <line num="31" count="2" type="stmt"/>
      <line num="34" count="144" type="stmt"/>
      <line num="36" count="2" type="stmt"/>
      <line num="37" count="20" type="stmt"/>
      <line num="45" count="2" type="stmt"/>
      <line num="48" count="1" type="stmt"/>
      <line num="49" count="2" type="stmt"/>
      <line num="50" count="2" type="stmt"/>
      <line num="51" count="2" type="stmt"/>
      <line num="52" count="2" type="stmt"/>
      <line num="54" count="2" type="stmt"/>
      <line num="55" count="30" type="stmt"/>
      <line num="57" count="2" type="stmt"/>
      <line num="58" count="30" type="stmt"/>
      <line num="60" count="2" type="stmt"/>
      <line num="61" count="32" type="stmt"/>
      <line num="64" count="2" type="stmt"/>
      <line num="65" count="30" type="stmt"/>
      <line num="75" count="2" type="stmt"/>
      <line num="78" count="1" type="stmt"/>
      <line num="79" count="2" type="stmt"/>
      <line num="80" count="2" type="stmt"/>
      <line num="85" count="2" type="stmt"/>
      <line num="86" count="6" type="stmt"/>
      <line num="88" count="2" type="stmt"/>
      <line num="89" count="6" type="stmt"/>
      <line num="90" count="6" type="stmt"/>
      <line num="93" count="2" type="stmt"/>
      <line num="96" count="1" type="stmt"/>
      <line num="97" count="2" type="stmt"/>
      <line num="106" count="2" type="stmt"/>
      <line num="107" count="2" type="stmt"/>
      <line num="108" count="14" type="stmt"/>
      <line num="110" count="2" type="stmt"/>
      <line num="111" count="14" type="stmt"/>
      <line num="112" count="14" type="stmt"/>
      <line num="114" count="2" type="stmt"/>
      <line num="117" count="1" type="stmt"/>
    </file>
    <file name="pathUrls.js" path="/home/lucasmendes/Documents/Projetos/fii-web-scrapper/src/services/pathUrls.js">
      <metrics statements="1" coveredstatements="1" conditionals="0" coveredconditionals="0" methods="0" coveredmethods="0"/>
      <line num="1" count="1" type="stmt"/>
    </file>
    <file name="requestInformation.js" path="/home/lucasmendes/Documents/Projetos/fii-web-scrapper/src/services/requestInformation.js">
      <metrics statements="28" coveredstatements="27" conditionals="4" coveredconditionals="3" methods="6" coveredmethods="6"/>
      <line num="1" count="1" type="stmt"/>
      <line num="2" count="1" type="stmt"/>
      <line num="3" count="1" type="stmt"/>
      <line num="11" count="1" type="stmt"/>
      <line num="13" count="1" type="stmt"/>
      <line num="14" count="6" type="stmt"/>
      <line num="15" count="6" type="stmt"/>
      <line num="16" count="6" type="stmt"/>
      <line num="17" count="6" type="stmt"/>
      <line num="18" count="6" type="stmt"/>
      <line num="19" count="85" type="cond" truecount="2" falsecount="0"/>
      <line num="20" count="6" type="stmt"/>
      <line num="21" count="6" type="cond" truecount="1" falsecount="1"/>
      <line num="22" count="6" type="stmt"/>
      <line num="24" count="0" type="stmt"/>
      <line num="30" count="1" type="stmt"/>
      <line num="31" count="2" type="stmt"/>
      <line num="32" count="2" type="stmt"/>
      <line num="36" count="2" type="stmt"/>
      <line num="39" count="1" type="stmt"/>
      <line num="40" count="2" type="stmt"/>
      <line num="41" count="2" type="stmt"/>
      <line num="45" count="2" type="stmt"/>
      <line num="48" count="1" type="stmt"/>
      <line num="49" count="2" type="stmt"/>
      <line num="50" count="2" type="stmt"/>
      <line num="53" count="2" type="stmt"/>
      <line num="56" count="1" type="stmt"/>
    </file>
  </project>
</coverage>
