{"/home/lucasmendes/Documents/Projetos/fii-web-scrapper/src/services/getFiiInformation.js": {"path":"/home/lucasmendes/Documents/Projetos/fii-web-scrapper/src/services/getFiiInformation.js","statementMap":{"0":{"start":{"line":2,"column":10},"end":{"line":2,"column":28}},"1":{"start":{"line":4,"column":27},"end":{"line":25,"column":1}},"2":{"start":{"line":5,"column":26},"end":{"line":5,"column":28}},"3":{"start":{"line":6,"column":26},"end":{"line":15,"column":3}},"4":{"start":{"line":17,"column":2},"end":{"line":19,"column":5}},"5":{"start":{"line":18,"column":4},"end":{"line":18,"column":63}},"6":{"start":{"line":20,"column":17},"end":{"line":20,"column":19}},"7":{"start":{"line":21,"column":2},"end":{"line":23,"column":5}},"8":{"start":{"line":22,"column":4},"end":{"line":22,"column":41}},"9":{"start":{"line":24,"column":2},"end":{"line":24,"column":16}},"10":{"start":{"line":27,"column":23},"end":{"line":46,"column":1}},"11":{"start":{"line":28,"column":27},"end":{"line":28,"column":29}},"12":{"start":{"line":29,"column":26},"end":{"line":29,"column":28}},"13":{"start":{"line":30,"column":2},"end":{"line":35,"column":5}},"14":{"start":{"line":31,"column":4},"end":{"line":34,"column":32}},"15":{"start":{"line":34,"column":24},"end":{"line":34,"column":30}},"16":{"start":{"line":36,"column":2},"end":{"line":44,"column":3}},"17":{"start":{"line":36,"column":15},"end":{"line":36,"column":16}},"18":{"start":{"line":37,"column":4},"end":{"line":43,"column":7}},"19":{"start":{"line":45,"column":2},"end":{"line":45,"column":25}},"20":{"start":{"line":48,"column":26},"end":{"line":76,"column":1}},"21":{"start":{"line":49,"column":25},"end":{"line":49,"column":27}},"22":{"start":{"line":50,"column":29},"end":{"line":50,"column":31}},"23":{"start":{"line":51,"column":30},"end":{"line":51,"column":32}},"24":{"start":{"line":52,"column":29},"end":{"line":52,"column":31}},"25":{"start":{"line":54,"column":2},"end":{"line":56,"column":5}},"26":{"start":{"line":55,"column":4},"end":{"line":55,"column":44}},"27":{"start":{"line":57,"column":2},"end":{"line":59,"column":5}},"28":{"start":{"line":58,"column":4},"end":{"line":58,"column":45}},"29":{"start":{"line":60,"column":2},"end":{"line":62,"column":5}},"30":{"start":{"line":61,"column":4},"end":{"line":61,"column":50}},"31":{"start":{"line":64,"column":2},"end":{"line":73,"column":5}},"32":{"start":{"line":65,"column":4},"end":{"line":72,"column":7}},"33":{"start":{"line":75,"column":2},"end":{"line":75,"column":24}},"34":{"start":{"line":78,"column":17},"end":{"line":94,"column":1}},"35":{"start":{"line":79,"column":22},"end":{"line":79,"column":24}},"36":{"start":{"line":80,"column":22},"end":{"line":84,"column":3}},"37":{"start":{"line":85,"column":2},"end":{"line":87,"column":5}},"38":{"start":{"line":86,"column":4},"end":{"line":86,"column":37}},"39":{"start":{"line":88,"column":16},"end":{"line":91,"column":8}},"40":{"start":{"line":89,"column":4},"end":{"line":89,"column":50}},"41":{"start":{"line":90,"column":4},"end":{"line":90,"column":26}},"42":{"start":{"line":93,"column":2},"end":{"line":93,"column":15}},"43":{"start":{"line":96,"column":17},"end":{"line":115,"column":1}},"44":{"start":{"line":97,"column":22},"end":{"line":105,"column":3}},"45":{"start":{"line":106,"column":22},"end":{"line":106,"column":24}},"46":{"start":{"line":107,"column":2},"end":{"line":109,"column":5}},"47":{"start":{"line":108,"column":4},"end":{"line":108,"column":37}},"48":{"start":{"line":110,"column":20},"end":{"line":113,"column":8}},"49":{"start":{"line":111,"column":4},"end":{"line":111,"column":51}},"50":{"start":{"line":112,"column":4},"end":{"line":112,"column":30}},"51":{"start":{"line":114,"column":2},"end":{"line":114,"column":19}},"52":{"start":{"line":117,"column":0},"end":{"line":123,"column":2}}},"fnMap":{"0":{"name":"(anonymous_0)","decl":{"start":{"line":4,"column":27},"end":{"line":4,"column":28}},"loc":{"start":{"line":4,"column":37},"end":{"line":25,"column":1}},"line":4},"1":{"name":"(anonymous_1)","decl":{"start":{"line":17,"column":38},"end":{"line":17,"column":39}},"loc":{"start":{"line":17,"column":50},"end":{"line":19,"column":3}},"line":17},"2":{"name":"(anonymous_2)","decl":{"start":{"line":21,"column":26},"end":{"line":21,"column":27}},"loc":{"start":{"line":21,"column":42},"end":{"line":23,"column":3}},"line":21},"3":{"name":"(anonymous_3)","decl":{"start":{"line":27,"column":23},"end":{"line":27,"column":24}},"loc":{"start":{"line":27,"column":33},"end":{"line":46,"column":1}},"line":27},"4":{"name":"(anonymous_4)","decl":{"start":{"line":30,"column":46},"end":{"line":30,"column":47}},"loc":{"start":{"line":30,"column":58},"end":{"line":35,"column":3}},"line":30},"5":{"name":"(anonymous_5)","decl":{"start":{"line":34,"column":14},"end":{"line":34,"column":15}},"loc":{"start":{"line":34,"column":24},"end":{"line":34,"column":30}},"line":34},"6":{"name":"(anonymous_6)","decl":{"start":{"line":48,"column":26},"end":{"line":48,"column":27}},"loc":{"start":{"line":48,"column":36},"end":{"line":76,"column":1}},"line":48},"7":{"name":"(anonymous_7)","decl":{"start":{"line":54,"column":39},"end":{"line":54,"column":40}},"loc":{"start":{"line":54,"column":51},"end":{"line":56,"column":3}},"line":54},"8":{"name":"(anonymous_8)","decl":{"start":{"line":57,"column":40},"end":{"line":57,"column":41}},"loc":{"start":{"line":57,"column":52},"end":{"line":59,"column":3}},"line":57},"9":{"name":"(anonymous_9)","decl":{"start":{"line":60,"column":35},"end":{"line":60,"column":36}},"loc":{"start":{"line":60,"column":47},"end":{"line":62,"column":3}},"line":60},"10":{"name":"(anonymous_10)","decl":{"start":{"line":64,"column":30},"end":{"line":64,"column":31}},"loc":{"start":{"line":64,"column":48},"end":{"line":73,"column":3}},"line":64},"11":{"name":"(anonymous_11)","decl":{"start":{"line":78,"column":17},"end":{"line":78,"column":18}},"loc":{"start":{"line":78,"column":27},"end":{"line":94,"column":1}},"line":78},"12":{"name":"(anonymous_12)","decl":{"start":{"line":85,"column":35},"end":{"line":85,"column":36}},"loc":{"start":{"line":85,"column":47},"end":{"line":87,"column":3}},"line":85},"13":{"name":"(anonymous_13)","decl":{"start":{"line":88,"column":35},"end":{"line":88,"column":36}},"loc":{"start":{"line":88,"column":72},"end":{"line":91,"column":3}},"line":88},"14":{"name":"(anonymous_14)","decl":{"start":{"line":96,"column":17},"end":{"line":96,"column":18}},"loc":{"start":{"line":96,"column":27},"end":{"line":115,"column":1}},"line":96},"15":{"name":"(anonymous_15)","decl":{"start":{"line":107,"column":29},"end":{"line":107,"column":30}},"loc":{"start":{"line":107,"column":41},"end":{"line":109,"column":3}},"line":107},"16":{"name":"(anonymous_16)","decl":{"start":{"line":110,"column":39},"end":{"line":110,"column":40}},"loc":{"start":{"line":110,"column":77},"end":{"line":113,"column":3}},"line":110}},"branchMap":{"0":{"loc":{"start":{"line":69,"column":8},"end":{"line":71,"column":37}},"type":"cond-expr","locations":[{"start":{"line":70,"column":12},"end":{"line":70,"column":16}},{"start":{"line":71,"column":12},"end":{"line":71,"column":37}}],"line":69}},"s":{"0":1,"1":1,"2":2,"3":2,"4":2,"5":18,"6":2,"7":2,"8":16,"9":2,"10":1,"11":2,"12":2,"13":2,"14":2,"15":144,"16":2,"17":2,"18":20,"19":2,"20":1,"21":2,"22":2,"23":2,"24":2,"25":2,"26":30,"27":2,"28":30,"29":2,"30":32,"31":2,"32":30,"33":2,"34":1,"35":2,"36":2,"37":2,"38":6,"39":2,"40":6,"41":6,"42":2,"43":1,"44":2,"45":2,"46":2,"47":14,"48":2,"49":14,"50":14,"51":2,"52":1},"f":{"0":2,"1":18,"2":16,"3":2,"4":2,"5":144,"6":2,"7":30,"8":30,"9":32,"10":30,"11":2,"12":6,"13":6,"14":2,"15":14,"16":14},"b":{"0":[4,26]},"_coverageSchema":"1a1c01bbd47fc00a2c39e90264f33305004495a9","hash":"aa000d4cd4cd962b76a3c1cfe8800ad910a9fd50"}
,"/home/lucasmendes/Documents/Projetos/fii-web-scrapper/src/services/pathUrls.js": {"path":"/home/lucasmendes/Documents/Projetos/fii-web-scrapper/src/services/pathUrls.js","statementMap":{"0":{"start":{"line":1,"column":0},"end":{"line":5,"column":2}}},"fnMap":{},"branchMap":{},"s":{"0":1},"f":{},"b":{},"_coverageSchema":"1a1c01bbd47fc00a2c39e90264f33305004495a9","hash":"8442ead62e405bfb5853134137f819cffc5c1480"}
,"/home/lucasmendes/Documents/Projetos/fii-web-scrapper/src/services/requestInformation.js": {"path":"/home/lucasmendes/Documents/Projetos/fii-web-scrapper/src/services/requestInformation.js","statementMap":{"0":{"start":{"line":1,"column":27},"end":{"line":1,"column":52}},"1":{"start":{"line":2,"column":27},"end":{"line":2,"column":57}},"2":{"start":{"line":3,"column":28},"end":{"line":3,"column":49}},"3":{"start":{"line":11,"column":4},"end":{"line":11,"column":22}},"4":{"start":{"line":13,"column":20},"end":{"line":28,"column":4}},"5":{"start":{"line":14,"column":2},"end":{"line":28,"column":4}},"6":{"start":{"line":15,"column":16},"end":{"line":15,"column":36}},"7":{"start":{"line":16,"column":4},"end":{"line":16,"column":41}},"8":{"start":{"line":17,"column":4},"end":{"line":17,"column":15}},"9":{"start":{"line":18,"column":4},"end":{"line":27,"column":6}},"10":{"start":{"line":19,"column":6},"end":{"line":26,"column":7}},"11":{"start":{"line":20,"column":21},"end":{"line":20,"column":37}},"12":{"start":{"line":21,"column":8},"end":{"line":25,"column":9}},"13":{"start":{"line":22,"column":10},"end":{"line":22,"column":24}},"14":{"start":{"line":24,"column":10},"end":{"line":24,"column":53}},"15":{"start":{"line":30,"column":24},"end":{"line":37,"column":1}},"16":{"start":{"line":31,"column":15},"end":{"line":31,"column":47}},"17":{"start":{"line":32,"column":28},"end":{"line":35,"column":3}},"18":{"start":{"line":36,"column":2},"end":{"line":36,"column":27}},"19":{"start":{"line":39,"column":25},"end":{"line":46,"column":1}},"20":{"start":{"line":40,"column":15},"end":{"line":40,"column":52}},"21":{"start":{"line":41,"column":28},"end":{"line":44,"column":3}},"22":{"start":{"line":45,"column":2},"end":{"line":45,"column":27}},"23":{"start":{"line":48,"column":26},"end":{"line":54,"column":1}},"24":{"start":{"line":49,"column":15},"end":{"line":49,"column":52}},"25":{"start":{"line":50,"column":25},"end":{"line":52,"column":3}},"26":{"start":{"line":53,"column":2},"end":{"line":53,"column":24}},"27":{"start":{"line":56,"column":0},"end":{"line":60,"column":2}}},"fnMap":{"0":{"name":"(anonymous_0)","decl":{"start":{"line":13,"column":20},"end":{"line":13,"column":21}},"loc":{"start":{"line":14,"column":2},"end":{"line":28,"column":4}},"line":14},"1":{"name":"(anonymous_1)","decl":{"start":{"line":14,"column":14},"end":{"line":14,"column":15}},"loc":{"start":{"line":14,"column":35},"end":{"line":28,"column":3}},"line":14},"2":{"name":"(anonymous_2)","decl":{"start":{"line":18,"column":29},"end":{"line":18,"column":30}},"loc":{"start":{"line":18,"column":35},"end":{"line":27,"column":5}},"line":18},"3":{"name":"(anonymous_3)","decl":{"start":{"line":30,"column":24},"end":{"line":30,"column":25}},"loc":{"start":{"line":30,"column":43},"end":{"line":37,"column":1}},"line":30},"4":{"name":"(anonymous_4)","decl":{"start":{"line":39,"column":25},"end":{"line":39,"column":26}},"loc":{"start":{"line":39,"column":44},"end":{"line":46,"column":1}},"line":39},"5":{"name":"(anonymous_5)","decl":{"start":{"line":48,"column":26},"end":{"line":48,"column":27}},"loc":{"start":{"line":48,"column":45},"end":{"line":54,"column":1}},"line":48}},"branchMap":{"0":{"loc":{"start":{"line":19,"column":6},"end":{"line":26,"column":7}},"type":"if","locations":[{"start":{"line":19,"column":6},"end":{"line":26,"column":7}},{"start":{"line":19,"column":6},"end":{"line":26,"column":7}}],"line":19},"1":{"loc":{"start":{"line":21,"column":8},"end":{"line":25,"column":9}},"type":"if","locations":[{"start":{"line":21,"column":8},"end":{"line":25,"column":9}},{"start":{"line":21,"column":8},"end":{"line":25,"column":9}}],"line":21}},"s":{"0":1,"1":1,"2":1,"3":1,"4":1,"5":6,"6":6,"7":6,"8":6,"9":6,"10":85,"11":6,"12":6,"13":6,"14":0,"15":1,"16":2,"17":2,"18":2,"19":1,"20":2,"21":2,"22":2,"23":1,"24":2,"25":2,"26":2,"27":1},"f":{"0":6,"1":6,"2":85,"3":2,"4":2,"5":2},"b":{"0":[6,79],"1":[6,0]},"_coverageSchema":"1a1c01bbd47fc00a2c39e90264f33305004495a9","hash":"fb131c064dadea0df06a1a19c298c7a94f451db6"}
}
