TN:
SF:src/services/getFiiInformation.js
FN:4,(anonymous_0)
FN:17,(anonymous_1)
FN:21,(anonymous_2)
FN:27,(anonymous_3)
FN:30,(anonymous_4)
FN:34,(anonymous_5)
FN:48,(anonymous_6)
FN:54,(anonymous_7)
FN:57,(anonymous_8)
FN:60,(anonymous_9)
FN:64,(anonymous_10)
FN:78,(anonymous_11)
FN:85,(anonymous_12)
FN:88,(anonymous_13)
FN:96,(anonymous_14)
FN:107,(anonymous_15)
FN:110,(anonymous_16)
FNF:17
FNH:17
FNDA:2,(anonymous_0)
FNDA:18,(anonymous_1)
FNDA:16,(anonymous_2)
FNDA:2,(anonymous_3)
FNDA:2,(anonymous_4)
FNDA:144,(anonymous_5)
FNDA:2,(anonymous_6)
FNDA:30,(anonymous_7)
FNDA:30,(anonymous_8)
FNDA:32,(anonymous_9)
FNDA:30,(anonymous_10)
FNDA:2,(anonymous_11)
FNDA:6,(anonymous_12)
FNDA:6,(anonymous_13)
FNDA:2,(anonymous_14)
FNDA:14,(anonymous_15)
FNDA:14,(anonymous_16)
DA:2,1
DA:4,1
DA:5,2
DA:6,2
DA:17,2
DA:18,18
DA:20,2
DA:21,2
DA:22,16
DA:24,2
DA:27,1
DA:28,2
DA:29,2
DA:30,2
DA:31,2
DA:34,144
DA:36,2
DA:37,20
DA:45,2
DA:48,1
DA:49,2
DA:50,2
DA:51,2
DA:52,2
DA:54,2
DA:55,30
DA:57,2
DA:58,30
DA:60,2
DA:61,32
DA:64,2
DA:65,30
DA:75,2
DA:78,1
DA:79,2
DA:80,2
DA:85,2
DA:86,6
DA:88,2
DA:89,6
DA:90,6
DA:93,2
DA:96,1
DA:97,2
DA:106,2
DA:107,2
DA:108,14
DA:110,2
DA:111,14
DA:112,14
DA:114,2
DA:117,1
LF:52
LH:52
BRDA:69,0,0,4
BRDA:69,0,1,26
BRF:2
BRH:2
end_of_record
TN:
SF:src/services/pathUrls.js
FNF:0
FNH:0
DA:1,1
LF:1
LH:1
BRF:0
BRH:0
end_of_record
TN:
SF:src/services/requestInformation.js
FN:13,(anonymous_0)
FN:14,(anonymous_1)
FN:18,(anonymous_2)
FN:30,(anonymous_3)
FN:39,(anonymous_4)
FN:48,(anonymous_5)
FNF:6
FNH:6
FNDA:6,(anonymous_0)
FNDA:6,(anonymous_1)
FNDA:85,(anonymous_2)
FNDA:2,(anonymous_3)
FNDA:2,(anonymous_4)
FNDA:2,(anonymous_5)
DA:1,1
DA:2,1
DA:3,1
DA:11,1
DA:13,1
DA:14,6
DA:15,6
DA:16,6
DA:17,6
DA:18,6
DA:19,85
DA:20,6
DA:21,6
DA:22,6
DA:24,0
DA:30,1
DA:31,2
DA:32,2
DA:36,2
DA:39,1
DA:40,2
DA:41,2
DA:45,2
DA:48,1
DA:49,2
DA:50,2
DA:53,2
DA:56,1
LF:28
LH:27
BRDA:19,0,0,6
BRDA:19,0,1,79
BRDA:21,1,0,6
BRDA:21,1,1,0
BRF:4
BRH:3
end_of_record
